TN:
SF:/Users/andung/GitHub-Repo/id2207-final-project/src/firebase.js
FNF:0
FNH:0
DA:3,1
LF:1
LH:1
BRF:0
BRH:0
end_of_record
TN:
SF:/Users/andung/GitHub-Repo/id2207-final-project/src/App.vue
FNF:0
FNH:0
LF:0
LH:0
BRF:0
BRH:0
end_of_record
TN:
SF:/Users/andung/GitHub-Repo/id2207-final-project/src/components/Home.vue
FN:147,(anonymous_0)
FN:148,(anonymous_1)
FN:153,(anonymous_2)
FN:159,(anonymous_3)
FN:165,(anonymous_4)
FNF:5
FNH:0
FNDA:0,(anonymous_0)
FNDA:0,(anonymous_1)
FNDA:0,(anonymous_2)
FNDA:0,(anonymous_3)
FNDA:0,(anonymous_4)
DA:137,1
DA:138,1
DA:142,0
DA:148,0
DA:149,0
DA:155,0
DA:156,0
DA:161,0
DA:162,0
DA:167,0
DA:170,0
DA:171,0
DA:173,0
LF:13
LH:2
BRDA:155,0,0,0
BRDA:155,0,1,0
BRDA:161,1,0,0
BRDA:161,1,1,0
BRDA:170,2,0,0
BRDA:170,2,1,0
BRF:6
BRH:0
end_of_record
TN:
SF:/Users/andung/GitHub-Repo/id2207-final-project/src/components/Login.vue
FN:48,(anonymous_0)
FN:50,(anonymous_1)
FNF:2
FNH:0
FNDA:0,(anonymous_0)
FNDA:0,(anonymous_1)
DA:40,0
DA:49,0
DA:51,0
DA:56,0
DA:57,0
DA:59,0
LF:6
LH:0
BRDA:56,0,0,0
BRDA:56,0,1,0
BRF:2
BRH:0
end_of_record
TN:
SF:/Users/andung/GitHub-Repo/id2207-final-project/src/components/Test.vue
FN:131,(anonymous_0)
FN:138,(anonymous_1)
FN:143,(anonymous_2)
FN:151,(anonymous_3)
FN:156,(anonymous_4)
FN:165,(anonymous_5)
FN:168,(anonymous_6)
FN:190,(anonymous_7)
FN:196,(anonymous_8)
FN:202,(anonymous_9)
FN:206,(anonymous_10)
FNF:11
FNH:0
FNDA:0,(anonymous_0)
FNDA:0,(anonymous_1)
FNDA:0,(anonymous_2)
FNDA:0,(anonymous_3)
FNDA:0,(anonymous_4)
FNDA:0,(anonymous_5)
FNDA:0,(anonymous_6)
FNDA:0,(anonymous_7)
FNDA:0,(anonymous_8)
FNDA:0,(anonymous_9)
FNDA:0,(anonymous_10)
DA:101,0
DA:132,0
DA:134,0
DA:135,0
DA:138,0
DA:139,0
DA:140,0
DA:141,0
DA:144,0
DA:145,0
DA:146,0
DA:151,0
DA:152,0
DA:153,0
DA:154,0
DA:157,0
DA:158,0
DA:159,0
DA:165,0
DA:166,0
DA:168,0
DA:169,0
DA:170,0
DA:171,0
DA:173,0
DA:174,0
DA:177,0
DA:178,0
DA:179,0
DA:181,0
DA:182,0
DA:192,0
DA:193,0
DA:198,0
DA:199,0
DA:204,0
DA:208,0
LF:37
LH:0
BRDA:139,0,0,0
BRDA:139,0,1,0
BRDA:144,1,0,0
BRDA:144,1,1,0
BRDA:152,2,0,0
BRDA:152,2,1,0
BRDA:157,3,0,0
BRDA:157,3,1,0
BRDA:169,4,0,0
BRDA:169,4,1,0
BRDA:177,5,0,0
BRDA:177,5,1,0
BRDA:192,6,0,0
BRDA:192,6,1,0
BRDA:198,7,0,0
BRDA:198,7,1,0
BRF:16
BRH:0
end_of_record
TN:
SF:/Users/andung/GitHub-Repo/id2207-final-project/src/router/index.js
FNF:0
FNH:0
DA:7,1
LF:1
LH:1
BRF:0
BRH:0
end_of_record
